[14/05/2024 20:09:43][Administrador][Ha entrado]
[14/05/2024 20:10:42][Básico][Ha entrado]
[14/05/2024 20:39:50][Administrador][Ha entrado]
[14/05/2024 20:40:09][Administrador][Ha salido]
[14/05/2024 20:40:16][Administrador][Ha entrado]
[14/05/2024 20:41:46][Administrador][Ha salido]
[14/05/2024 20:54:53][Administrador][Ha entrado]
[14/05/2024 20:58:14][Administrador][Ha salido]
[14/05/2024 21:05:26][Administrador][Ha entrado]
[14/05/2024 21:05:46][Administrador][Ha salido]
[14/05/2024 21:09:15][Administrador][Ha entrado]
[14/05/2024 21:09:30][Administrador][Ha salido]
[14/05/2024 21:11:47][Administrador][Ha entrado]
[14/05/2024 21:12:09][Administrador][Ha salido]
[18/05/2024 09:51:45][Administrador][Ha entrado]
[18/05/2024 09:51:58][Administrador][Ha salido]
[18/05/2024 09:56:37][Administrador][Ha entrado]
[18/05/2024 09:57:01][Administrador][Ha entrado]
[18/05/2024 10:10:34][Administrador][Ha entrado]
[18/05/2024 10:11:02][Administrador][Ha entrado]
[18/05/2024 10:11:11][Administrador][Ha salido]
[18/05/2024 10:20:24][Administrador][Ha entrado]
[18/05/2024 10:24:41][Administrador][Ha entrado]
[18/05/2024 10:38:02][Administrador][Ha entrado]
[18/05/2024 11:11:56][Administrador][Ha entrado]
[18/05/2024 11:12:17][Administrador][Ha salido]
[18/05/2024 11:16:02][Administrador][Ha entrado]
[18/05/2024 11:16:48][Administrador][Ha salido]
[18/05/2024 11:17:16][Administrador][Ha entrado]
[18/05/2024 11:21:12][Administrador][Ha entrado]
[18/05/2024 11:21:46][Administrador][Ha entrado]
[18/05/2024 11:22:14][Administrador][Ha entrado]
[18/05/2024 11:22:39][Administrador][Ha entrado]
[18/05/2024 11:22:54][Administrador][Ha entrado]
[18/05/2024 11:23:15][Administrador][Ha entrado]
[18/05/2024 11:24:25][Administrador][Ha entrado]
[18/05/2024 11:24:52][Administrador][Ha entrado]
[18/05/2024 11:25:03][Administrador][Ha entrado]
[18/05/2024 11:25:20][Administrador][Ha entrado]
[18/05/2024 11:25:29][Administrador][Ha entrado]
[18/05/2024 11:25:38][Administrador][Ha entrado]
[18/05/2024 11:27:43][Administrador][Ha entrado]
[18/05/2024 11:30:10][Administrador][Ha entrado]
[18/05/2024 11:31:29][Administrador][Ha entrado]
[18/05/2024 11:33:33][Administrador][Ha entrado]
[18/05/2024 11:46:54][Administrador][Ha entrado]
[18/05/2024 11:47:47][Administrador][Ha entrado]
[18/05/2024 11:51:01][Administrador][Ha entrado]
[18/05/2024 11:51:26][Administrador][Ha entrado]
[18/05/2024 11:56:24][Administrador][Ha entrado]
[18/05/2024 11:56:45][Administrador][Ha salido]
[18/05/2024 11:58:55][Administrador][Ha entrado]
[18/05/2024 12:00:30][Administrador][Ha entrado]
[18/05/2024 12:01:09][Administrador][Ha entrado]
[18/05/2024 12:01:22][Administrador][Ha entrado]
[18/05/2024 12:02:09][Administrador][Ha entrado]
[18/05/2024 12:04:43][Administrador][Ha entrado]
[18/05/2024 12:08:40][Administrador][Ha entrado]
[18/05/2024 12:15:45][Administrador][Ha entrado]
[18/05/2024 12:16:15][Administrador][Ha entrado]
[18/05/2024 12:18:03][Administrador][Ha entrado]
[18/05/2024 12:18:22][Administrador][Ha entrado]
[18/05/2024 12:19:03][Administrador][Ha salido]
[18/05/2024 12:19:52][Administrador][Ha entrado]
[18/05/2024 12:20:39][Administrador][Ha entrado]
[18/05/2024 12:21:50][Administrador][Ha entrado]
[18/05/2024 12:23:09][Administrador][Ha entrado]
[18/05/2024 12:23:24][Administrador][Ha entrado]
[18/05/2024 12:23:43][Administrador][Ha entrado]
[18/05/2024 12:25:34][Administrador][Ha entrado]
[18/05/2024 12:34:47][Administrador][Ha entrado]
[18/05/2024 12:35:27][Administrador][Ha entrado]
[18/05/2024 12:36:16][Administrador][Ha entrado]
[18/05/2024 12:47:23][Administrador][Ha entrado]
[18/05/2024 12:51:27][Administrador][Ha entrado]
[18/05/2024 12:53:37][Administrador][Ha entrado]
[18/05/2024 12:56:01][Administrador][Ha entrado]
[18/05/2024 12:56:38][Administrador][Ha entrado]
[18/05/2024 13:24:19][Administrador][Ha entrado]
[18/05/2024 13:26:15][Administrador][Ha entrado]
[18/05/2024 13:29:21][Administrador][Ha entrado]
[18/05/2024 13:29:30][Administrador][Ha entrado]
[18/05/2024 13:29:33][Administrador][Ha salido]
[18/05/2024 13:36:50][Administrador][Ha entrado]
[18/05/2024 13:37:40][Administrador][Ha entrado]
[18/05/2024 13:37:52][Administrador][Ha salido]
[18/05/2024 13:39:59][Administrador][Ha entrado]
[18/05/2024 13:41:16][Administrador][Ha entrado]
[18/05/2024 13:43:34][Administrador][Ha entrado]
[18/05/2024 13:43:50][Administrador][Ha salido]
[18/05/2024 13:52:37][Administrador][Ha entrado]
[18/05/2024 13:53:20][Administrador][Ha salido]
[18/05/2024 13:54:08][Administrador][Ha entrado]
[18/05/2024 13:54:38][Administrador][Ha salido]
[18/05/2024 14:21:38][Administrador][Ha entrado]
[18/05/2024 14:21:49][Administrador][Ha salido]
[18/05/2024 16:14:59][Administrador][Ha entrado]
[18/05/2024 16:22:49][Administrador][Ha entrado]
[18/05/2024 16:23:03][Administrador][Ha salido]
[18/05/2024 16:28:16][Administrador][Ha entrado]
[18/05/2024 16:28:36][Administrador][Ha salido]
[18/05/2024 16:28:47][Administrador][Ha entrado]
[18/05/2024 16:29:10][Administrador][Ha entrado]
[18/05/2024 16:29:16][Administrador][Ha salido]
[18/05/2024 16:29:22][Administrador][Ha entrado]
[18/05/2024 16:29:29][Administrador][Ha salido]
[18/05/2024 16:29:36][Administrador][Ha entrado]
[18/05/2024 16:29:41][Administrador][Ha salido]
[18/05/2024 16:29:45][Administrador][Ha entrado]
[18/05/2024 16:29:52][Administrador][Ha salido]
[18/05/2024 16:29:59][Administrador][Ha entrado]
[18/05/2024 16:30:11][Administrador][Ha salido]
[18/05/2024 16:30:17][Administrador][Ha entrado]
[18/05/2024 16:30:39][Administrador][Ha salido]
[18/05/2024 16:34:09][Administrador][Ha entrado]
[18/05/2024 16:34:26][Administrador][Ha salido]
[18/05/2024 16:35:23][Administrador][Ha entrado]
[18/05/2024 16:37:07][Administrador][Ha salido]
[18/05/2024 16:38:21][Administrador][Ha entrado]
[18/05/2024 16:39:04][Administrador][Ha salido]
[18/05/2024 16:39:23][Administrador][Ha entrado]
[18/05/2024 16:39:29][Administrador][Ha salido]
[18/05/2024 16:42:16][Administrador][Ha entrado]
[18/05/2024 16:42:21][Administrador][Ha salido]
[18/05/2024 16:43:22][Administrador][Ha entrado]
[18/05/2024 16:43:36][Administrador][Ha salido]
[18/05/2024 16:47:00][Administrador][Ha entrado]
[18/05/2024 16:47:15][Administrador][Ha salido]
[18/05/2024 16:50:41][Administrador][Ha entrado]
[18/05/2024 16:51:08][Administrador][Ha salido]
[18/05/2024 16:52:34][Administrador][Ha entrado]
[18/05/2024 16:53:00][Administrador][Ha salido]
[18/05/2024 16:56:08][Administrador][Ha entrado]
[18/05/2024 16:56:43][Administrador][Ha salido]
[18/05/2024 17:01:53][Administrador][Ha entrado]
[18/05/2024 17:02:03][Administrador][Ha salido]
[18/05/2024 17:05:39][Administrador][Ha entrado]
[18/05/2024 17:05:52][Administrador][Ha salido]
[18/05/2024 17:12:12][Administrador][Ha entrado]
[18/05/2024 17:12:28][Administrador][Ha salido]
[18/05/2024 17:13:38][Administrador][Ha entrado]
[18/05/2024 17:14:09][Administrador][Ha salido]
[18/05/2024 17:25:00][Administrador][Ha entrado]
[18/05/2024 17:25:23][Administrador][Ha salido]
[18/05/2024 17:28:54][Administrador][Ha entrado]
[18/05/2024 17:29:15][Administrador][Ha salido]
[18/05/2024 17:30:40][Administrador][Ha entrado]
[18/05/2024 17:31:58][Administrador][Ha salido]
[18/05/2024 17:32:49][Administrador][Ha entrado]
[18/05/2024 17:33:14][Administrador][Ha salido]
[18/05/2024 17:33:34][Administrador][Ha entrado]
[18/05/2024 17:33:47][Administrador][Ha salido]
[18/05/2024 17:34:57][Administrador][Ha entrado]
[18/05/2024 17:37:26][Administrador][Ha entrado]
[18/05/2024 17:38:18][Administrador][Ha salido]
[18/05/2024 17:42:03][Administrador][Ha entrado]
[18/05/2024 17:43:10][Administrador][Ha salido]
[18/05/2024 17:43:27][Administrador][Ha entrado]
[18/05/2024 17:44:01][Administrador][Ha salido]
[18/05/2024 17:53:11][Administrador][Ha entrado]
[18/05/2024 17:53:50][Administrador][Ha salido]
[18/05/2024 17:54:09][Administrador][Ha entrado]
[18/05/2024 17:54:30][Administrador][Ha salido]
[18/05/2024 17:57:36][Administrador][Ha entrado]
[18/05/2024 17:59:44][Administrador][Ha salido]
[19/05/2024 13:47:11][Administrador][Ha entrado]
[19/05/2024 13:55:15][Administrador][Ha entrado]
[19/05/2024 13:57:45][Administrador][Ha salido]
[19/05/2024 14:12:55][Administrador][Ha entrado]
[19/05/2024 14:13:24][Administrador][Ha salido]
[19/05/2024 14:13:30][Administrador][Ha entrado]
[19/05/2024 14:14:01][Administrador][Ha salido]
[20/05/2024 08:14:20][Administrador][Ha entrado]
[20/05/2024 08:15:28][Administrador][Ha salido]
[20/05/2024 08:15:42][Administrador][Ha entrado]
[20/05/2024 08:16:12][Administrador][Ha salido]
[20/05/2024 08:25:28][Administrador][Ha entrado]
[20/05/2024 08:26:27][Administrador][Ha salido]
[20/05/2024 11:53:12][Administrador][Ha entrado]
[20/05/2024 11:53:31][Administrador][Ha salido]
[20/05/2024 12:01:34][Administrador][Ha entrado]
[20/05/2024 12:03:37][Administrador][Ha entrado]
[20/05/2024 12:04:13][Administrador][Ha salido]
[20/05/2024 12:10:37][Administrador][Ha entrado]
[20/05/2024 12:11:24][Administrador][Ha entrado]
[20/05/2024 12:11:43][Administrador][Ha salido]
[20/05/2024 12:12:08][Administrador][Ha entrado]
[20/05/2024 12:12:53][Administrador][Ha salido]
[20/05/2024 12:15:28][Administrador][Ha entrado]
[20/05/2024 12:15:58][Administrador][Ha salido]
[20/05/2024 12:16:36][Administrador][Ha entrado]
[20/05/2024 12:16:46][Administrador][Ha salido]
[20/05/2024 12:18:07][Administrador][Ha entrado]
[20/05/2024 12:18:31][Administrador][Ha salido]
[20/05/2024 12:20:01][Administrador][Ha entrado]
[20/05/2024 12:20:13][Administrador][Ha salido]
[20/05/2024 12:21:16][Administrador][Ha entrado]
[20/05/2024 12:21:58][Administrador][Ha salido]
[21/05/2024 08:11:36][Administrador][Ha entrado]
[21/05/2024 08:15:00][Administrador][Ha salido]
[21/05/2024 11:44:02][Administrador][Ha entrado]
[21/05/2024 11:44:05][Administrador][Ha salido]
[21/05/2024 11:46:42][Administrador][Ha entrado]
[21/05/2024 11:46:46][Administrador][Ha salido]
[21/05/2024 11:47:45][Administrador][Ha entrado]
[21/05/2024 11:47:50][Administrador][Ha salido]
[21/05/2024 11:48:09][Administrador][Ha entrado]
[21/05/2024 11:48:15][Administrador][Ha salido]
[21/05/2024 12:02:00][Administrador][Ha entrado]
[21/05/2024 12:03:12][Administrador][Ha salido]
[21/05/2024 12:03:27][Básico][Ha entrado]
[21/05/2024 12:03:54][Básico][Ha salido]
[21/05/2024 12:05:16][Administrador][Ha entrado]
[21/05/2024 12:31:27][Administrador][Ha salido]
[21/05/2024 12:32:01][Administrador][Ha entrado]
[21/05/2024 12:32:09][Administrador][Ha salido]
[21/05/2024 12:32:23][Administrador][Ha entrado]
[21/05/2024 12:32:39][Administrador][Ha salido]
[21/05/2024 12:32:52][Administrador][Ha entrado]
[21/05/2024 12:33:32][Administrador][Ha salido]
[21/05/2024 12:37:19][Administrador][Ha entrado]
[21/05/2024 12:38:13][Administrador][Ha salido]
[21/05/2024 12:39:39][Administrador][Ha entrado]
[21/05/2024 12:41:02][Administrador][Ha salido]
[21/05/2024 12:44:23][Administrador][Ha entrado]
[21/05/2024 12:45:23][Administrador][Ha salido]
[21/05/2024 12:45:49][Administrador][Ha entrado]
[21/05/2024 12:45:56][Administrador][Ha salido]
[21/05/2024 12:46:36][Administrador][Ha entrado]
[21/05/2024 12:46:41][Administrador][Ha salido]
[21/05/2024 12:47:00][Administrador][Ha entrado]
[21/05/2024 12:49:07][Administrador][Ha salido]
[21/05/2024 12:56:14][Administrador][Ha entrado]
[21/05/2024 12:56:56][Administrador][Ha salido]
[21/05/2024 13:04:51][Administrador][Ha entrado]
[21/05/2024 13:05:02][Administrador][Ha salido]
[21/05/2024 13:30:57][Administrador][Ha entrado]
[21/05/2024 13:31:03][Básico][Ha salido]
[21/05/2024 13:31:07][Administrador][Ha entrado]
[21/05/2024 13:31:14][Básico][Ha salido]
[21/05/2024 13:32:00][Administrador][Ha entrado]
[21/05/2024 13:32:31][Básico][Alta abogado]
[21/05/2024 13:32:35][Administrador][Ha salido]
[21/05/2024 13:33:39][Básico][Ha entrado]
[21/05/2024 13:33:56][Básico][Alta abogado]
[21/05/2024 13:34:10][Básico][Ha salido]
[21/05/2024 13:35:42][Administrador][Ha entrado]
[21/05/2024 13:36:04][Administrador][Alta abogado]
[21/05/2024 13:36:08][Administrador][Ha salido]
[21/05/2024 13:36:24][Básico][Ha entrado]
[21/05/2024 13:36:48][Administrador][Alta abogado]
[21/05/2024 13:36:53][Básico][Ha salido]
[21/05/2024 13:38:48][Administrador][Ha entrado]
[21/05/2024 13:38:57][Administrador][Alta abogado]
[21/05/2024 13:39:00][Administrador][Ha salido]
[21/05/2024 13:39:16][Básico][Ha entrado]
[21/05/2024 13:39:22][Básico][Alta abogado]
[21/05/2024 13:39:26][Básico][Ha salido]
[21/05/2024 13:49:49][Administrador][Ha entrado]
[21/05/2024 13:50:37][Administrador][Ha salido]
[21/05/2024 17:10:25][Administrador][Ha entrado]
[21/05/2024 17:11:01][Administrador][Ha salido]
[21/05/2024 17:16:08][Administrador][Ha entrado]
[21/05/2024 17:26:42][Administrador][Ha entrado]
[21/05/2024 17:27:21][Administrador][Ha salido]
[21/05/2024 17:45:52][Administrador][Ha entrado]
[21/05/2024 17:46:22][Administrador][Ha salido]
[21/05/2024 20:01:33][Administrador][Ha entrado]
[21/05/2024 20:01:38][Administrador][Ha salido]
[21/05/2024 21:35:54][Administrador][Ha entrado]
[21/05/2024 21:36:01][Administrador][Ha salido]
[21/05/2024 21:53:41][Administrador][Ha entrado]
[21/05/2024 21:53:49][Administrador][Ha salido]
[22/05/2024 08:28:31][Administrador][Ha entrado]
[22/05/2024 08:28:39][Administrador][Ha salido]
[22/05/2024 08:33:12][Administrador][Ha entrado]
[22/05/2024 08:33:58][Administrador][Ha entrado]
[22/05/2024 08:34:12][Administrador][Ha salido]
[22/05/2024 08:56:01][Administrador][Ha entrado]
[22/05/2024 08:56:22][Administrador][Ha salido]
[22/05/2024 08:57:03][Administrador][Ha entrado]
[22/05/2024 08:57:04][Administrador][Ha salido]
[22/05/2024 08:57:12][Administrador][Ha entrado]
[22/05/2024 08:57:23][Administrador][Ha salido]
[22/05/2024 08:58:04][Administrador][Ha entrado]
[22/05/2024 08:58:07][Administrador][Ha salido]
[22/05/2024 08:59:38][Básico][Ha entrado]
[22/05/2024 08:59:41][Básico][Ha salido]
[22/05/2024 09:00:14][Administrador][Ha entrado]
[22/05/2024 09:00:16][Administrador][Ha salido]
[22/05/2024 09:36:52][Administrador][Ha entrado]
[22/05/2024 09:36:56][Administrador][Ha salido]
[22/05/2024 09:59:17][Administrador][Ha entrado]
[22/05/2024 09:59:23][Administrador][Ha entrado]
[22/05/2024 09:59:31][Administrador][Ha salido]
[22/05/2024 10:01:00][Administrador][Ha entrado]
[22/05/2024 10:29:13][Administrador][Ha entrado]
[22/05/2024 10:32:38][Administrador][Ha salido]
[22/05/2024 10:36:39][Administrador][Ha entrado]
[22/05/2024 10:48:42][Administrador][Ha salido]
[22/05/2024 16:20:43][Administrador][Ha entrado]
[22/05/2024 16:20:51][Administrador][Ha salido]
[22/05/2024 16:21:19][Administrador][Ha entrado]
[22/05/2024 16:21:28][Administrador][Ha salido]
[22/05/2024 16:25:41][Administrador][Ha entrado]
[22/05/2024 16:25:43][Administrador][Ha salido]
[22/05/2024 16:27:29][Administrador][Ha entrado]
[22/05/2024 16:31:56][Administrador][Ha salido]
[22/05/2024 16:50:52][Administrador][Ha entrado]
[22/05/2024 16:52:04][Administrador][Ha entrado]
[22/05/2024 16:57:15][Administrador][Ha entrado]
[22/05/2024 20:16:38][Administrador][Ha entrado]
[22/05/2024 20:16:47][Administrador][Ha salido]
[22/05/2024 20:17:22][Administrador][Ha entrado]
[22/05/2024 20:17:47][Administrador][Ha salido]
[22/05/2024 20:17:58][Administrador][Ha entrado]
[22/05/2024 20:21:58][Administrador][Ha salido]
[22/05/2024 20:57:06][Administrador][Ha entrado]
[22/05/2024 21:28:44][Administrador][Ha salido]
[22/05/2024 21:28:49][Administrador][Ha entrado]
[22/05/2024 21:29:17][Administrador][Ha salido]
[22/05/2024 21:34:23][Administrador][Ha entrado]
[22/05/2024 21:34:33][Administrador][Ha salido]
[22/05/2024 21:43:53][Administrador][Ha entrado]
[22/05/2024 21:44:04][Administrador][Ha salido]
[23/05/2024 08:25:43][Administrador][Ha entrado]
[23/05/2024 08:27:08][Administrador][Ha salido]
[23/05/2024 08:27:15][Administrador][Ha entrado]
[23/05/2024 08:37:41][Administrador][Ha entrado]
[23/05/2024 08:37:51][Administrador][Ha salido]
[23/05/2024 08:50:53][Administrador][Ha entrado]
[23/05/2024 08:51:20][Administrador][Ha salido]
[23/05/2024 08:54:14][Administrador][Ha entrado]
[23/05/2024 08:54:26][Administrador][Ha salido]
[23/05/2024 09:04:45][Administrador][Ha entrado]
[23/05/2024 09:04:55][Administrador][Ha salido]
[23/05/2024 09:08:53][Administrador][Ha entrado]
[23/05/2024 09:09:03][Administrador][Ha salido]
[23/05/2024 09:12:24][Administrador][Ha entrado]
[23/05/2024 09:13:29][Administrador][Ha salido]
[23/05/2024 09:15:28][Administrador][Ha entrado]
[23/05/2024 09:16:44][Administrador][Ha salido]
[23/05/2024 09:19:47][Administrador][Ha entrado]
[23/05/2024 09:20:25][Administrador][Ha salido]
[23/05/2024 09:20:55][Administrador][Ha entrado]
[23/05/2024 09:21:21][Administrador][Ha salido]
[23/05/2024 09:21:59][Administrador][Ha entrado]
[23/05/2024 09:22:11][Administrador][Ha salido]
[23/05/2024 09:22:56][Administrador][Ha entrado]
[23/05/2024 09:25:05][Administrador][Ha salido]
[23/05/2024 09:29:29][Administrador][Ha entrado]
[23/05/2024 09:30:11][Administrador][Ha salido]
[23/05/2024 09:30:15][Administrador][Ha entrado]
[23/05/2024 09:30:33][Administrador][Ha salido]
[23/05/2024 09:31:14][Administrador][Ha entrado]
[23/05/2024 09:33:57][Administrador][Ha salido]
[23/05/2024 09:34:45][Administrador][Ha entrado]
[23/05/2024 09:35:08][Administrador][Ha salido]
[23/05/2024 09:36:19][Administrador][Ha entrado]
[23/05/2024 09:36:39][Administrador][Ha salido]
[23/05/2024 09:37:54][Administrador][Ha entrado]
[23/05/2024 09:38:13][Administrador][Ha salido]
[23/05/2024 09:40:21][Administrador][Ha entrado]
[23/05/2024 09:40:43][Administrador][Ha salido]
[23/05/2024 09:47:49][Administrador][Ha entrado]
[23/05/2024 09:49:31][Administrador][Ha entrado]
[23/05/2024 09:49:47][Administrador][Ha salido]
[23/05/2024 09:49:56][Administrador][Ha entrado]
[23/05/2024 09:50:02][Administrador][Ha salido]
[23/05/2024 09:51:47][Administrador][Ha entrado]
[23/05/2024 09:51:58][Administrador][Ha salido]
[23/05/2024 09:53:57][Administrador][Ha entrado]
[23/05/2024 09:54:06][Administrador][Ha salido]
[23/05/2024 09:54:39][Administrador][Ha entrado]
[23/05/2024 09:54:48][Administrador][Ha salido]
[23/05/2024 09:55:33][Administrador][Ha entrado]
[23/05/2024 09:55:39][Administrador][Ha salido]
[23/05/2024 09:56:23][Administrador][Ha entrado]
[23/05/2024 09:56:31][Administrador][Ha salido]
[23/05/2024 09:57:27][Administrador][Ha salido]
[23/05/2024 10:39:14][Administrador][Ha entrado]
[23/05/2024 10:39:40][Administrador][Ha salido]
[23/05/2024 12:16:45][Administrador][Ha entrado]
[23/05/2024 12:17:16][Administrador][Ha salido]
[23/05/2024 12:17:41][Básico][Ha entrado]
[23/05/2024 12:32:08][Básico][Ha salido]
[23/05/2024 12:32:45][Administrador][Ha entrado]
[23/05/2024 12:35:24][Administrador][Ha salido]
[23/05/2024 12:37:15][Administrador][Ha entrado]
[23/05/2024 12:37:25][Administrador][Ha salido]
[23/05/2024 12:38:30][Administrador][Ha entrado]
[23/05/2024 12:39:03][Administrador][Ha salido]
[23/05/2024 12:40:25][Administrador][Ha entrado]
[23/05/2024 12:40:50][Administrador][Ha salido]
[23/05/2024 12:51:25][Administrador][Ha entrado]
[23/05/2024 12:52:09][Administrador][Ha salido]
[23/05/2024 13:21:51][Administrador][Ha entrado]
[23/05/2024 13:51:12][Administrador][Ha salido]
[23/05/2024 17:15:33][Administrador][Ha entrado]
[23/05/2024 17:19:54][Administrador][Ha salido]
[23/05/2024 17:23:09][Administrador][Ha entrado]
[23/05/2024 17:25:19][Administrador][Ha entrado]
[23/05/2024 17:25:35][Administrador][Ha salido]
[23/05/2024 17:29:16][Administrador][Ha entrado]
[23/05/2024 17:29:34][Administrador][Ha salido]
[23/05/2024 17:30:50][Administrador][Ha entrado]
[23/05/2024 17:44:54][Administrador][Ha salido]
[23/05/2024 17:45:00][Administrador][Ha entrado]
[23/05/2024 17:48:11][Administrador][Ha entrado]
[23/05/2024 17:50:04][Administrador][Ha entrado]
[23/05/2024 17:51:59][Administrador][Ha entrado]
[23/05/2024 17:52:53][Administrador][Ha salido]
[23/05/2024 17:55:29][Administrador][Ha entrado]
[23/05/2024 17:57:40][Administrador][Ha entrado]
[23/05/2024 17:57:48][Administrador][Ha salido]
[23/05/2024 18:03:29][Administrador][Ha entrado]
[23/05/2024 18:05:03][Administrador][Ha entrado]
[23/05/2024 18:05:20][Administrador][Ha salido]
[23/05/2024 18:05:23][Administrador][Ha salido]
[23/05/2024 18:05:29][Administrador][Ha entrado]
[23/05/2024 18:05:49][Administrador][Ha salido]
[23/05/2024 18:09:51][Administrador][Ha entrado]
[23/05/2024 18:10:25][Administrador][Ha salido]
[23/05/2024 18:12:07][Administrador][Ha entrado]
[23/05/2024 18:13:15][Administrador][Ha salido]
[23/05/2024 18:18:01][Administrador][Ha entrado]
[23/05/2024 18:18:38][Administrador][Ha salido]
[23/05/2024 18:21:01][Administrador][Ha entrado]
[23/05/2024 18:25:02][Administrador][Ha entrado]
[23/05/2024 18:27:25][Administrador][Ha salido]
[23/05/2024 18:33:37][Administrador][Ha entrado]
[23/05/2024 18:34:24][Administrador][Ha salido]
[23/05/2024 18:34:51][Administrador][Ha entrado]
[23/05/2024 18:35:02][Administrador][Ha salido]
[23/05/2024 18:40:46][Administrador][Ha entrado]
[23/05/2024 18:41:15][Administrador][Ha salido]
[23/05/2024 20:06:33][Admin][Administrador][Ha entrado]
[23/05/2024 20:07:07][Admin][Administrador][Alta abogado]
[23/05/2024 20:07:25][Admin][Administrador][Ha salido]
[23/05/2024 20:07:38][Basic][Básico][Ha entrado]
[23/05/2024 20:08:05][Basic][Básico][Alta abogado]
[23/05/2024 20:24:41][Admin][Administrador][Ha entrado]
[23/05/2024 20:24:53][Admin][Administrador][Consulta abogados]
[23/05/2024 20:24:56][Admin][Administrador][Consulta casos]
[23/05/2024 20:24:59][Admin][Administrador][Consulta clientes]
[23/05/2024 20:25:01][Admin][Administrador][Consulta asignaciones]
[23/05/2024 20:25:21][Admin][Administrador][Ha salido]
[23/05/2024 20:27:01][Basic][Básico][Ha salido]
[24/05/2024 09:14:47][Admin][Administrador][Ha entrado]
[24/05/2024 09:15:10][Admin][Administrador][Ha salido]
[24/05/2024 09:21:34][Admin][Administrador][Ha entrado]
[24/05/2024 09:21:46][Admin][Administrador][Ha salido]
[24/05/2024 09:23:38][Admin][Administrador][Ha entrado]
[24/05/2024 09:40:39][Admin][Administrador][Ha entrado]
[24/05/2024 09:44:56][Admin][Administrador][Ha salido]
[24/05/2024 10:53:49][Admin][Administrador][Ha entrado]
[24/05/2024 10:54:06][Admin][Administrador][Ha salido]
[24/05/2024 12:31:29][Admin][Administrador][Ha entrado]
[24/05/2024 12:32:24][Admin][Administrador][Ha salido]
[24/05/2024 12:33:22][Admin][Administrador][Ha entrado]
[24/05/2024 12:33:41][Admin][Administrador][Ha salido]
[24/05/2024 13:38:27][Admin][Administrador][Ha entrado]
[24/05/2024 13:38:54][Admin][Administrador][Ha salido]
[24/05/2024 19:13:57][Admin][Administrador][Ha entrado]
[24/05/2024 19:14:02][Admin][Administrador][Ha salido]
[24/05/2024 20:36:43][Admin][Administrador][Ha entrado]
[24/05/2024 20:36:49][Admin][Administrador][Consulta casos]
[24/05/2024 20:37:43][Admin][Administrador][Ha salido]
[24/05/2024 20:46:11][Admin][Administrador][Ha entrado]
[24/05/2024 21:04:48][Admin][Administrador][Consulta abogados]
[24/05/2024 21:05:02][Admin][Administrador][Ha salido]
[24/05/2024 21:05:14][Admin][Administrador][Ha entrado]
[24/05/2024 21:05:17][Admin][Administrador][Consulta abogados]
[24/05/2024 21:07:17][Admin][Administrador][Ha entrado]
[24/05/2024 21:07:19][Admin][Administrador][Consulta abogados]
[24/05/2024 21:07:35][Admin][Administrador][Ha salido]
[24/05/2024 21:33:32][Admin][Administrador][Ha entrado]
[24/05/2024 21:34:02][Admin][Administrador][Ha salido]
[24/05/2024 21:42:38][Admin][Administrador][Ha entrado]
[24/05/2024 21:42:48][Admin][Administrador][Ha salido]
[24/05/2024 21:48:14][Admin][Administrador][Ha entrado]
[24/05/2024 22:08:53][Admin][Administrador][Ha entrado]
[24/05/2024 22:08:56][Admin][Administrador][Consulta casos]
[24/05/2024 22:09:10][Admin][Administrador][Ha salido]
[24/05/2024 22:20:20][Admin][Administrador][Ha entrado]
[24/05/2024 22:20:35][Admin][Administrador][Ha salido]
[24/05/2024 22:22:29][Admin][Administrador][Ha entrado]
[24/05/2024 22:22:32][Admin][Administrador][Consulta casos]
[24/05/2024 22:22:51][Admin][Administrador][Ha salido]
[24/05/2024 22:23:55][Admin][Administrador][Ha entrado]
[24/05/2024 22:23:57][Admin][Administrador][Consulta asignaciones]
[24/05/2024 22:24:07][Admin][Administrador][Ha salido]
[24/05/2024 22:25:54][Admin][Administrador][Ha entrado]
[24/05/2024 22:25:56][Admin][Administrador][Consulta clientes]
[24/05/2024 22:25:59][Admin][Administrador][Consulta asignaciones]
[24/05/2024 22:26:04][Admin][Administrador][Consulta casos]
[24/05/2024 22:26:10][Admin][Administrador][Ha salido]
